[debug] [2019-11-19T17:18:06.602Z] ----------------------------------------------------------------------
[debug] [2019-11-19T17:18:06.606Z] Command:       C:\Program Files\nodejs\node.exe C:\Users\oorja\AppData\Roaming\npm\node_modules\firebase-tools\lib\bin\firebase.js deploy
[debug] [2019-11-19T17:18:06.606Z] CLI Version:   7.8.0
[debug] [2019-11-19T17:18:06.606Z] Platform:      win32
[debug] [2019-11-19T17:18:06.606Z] Node Version:  v10.15.1
[debug] [2019-11-19T17:18:06.608Z] Time:          Tue Nov 19 2019 22:48:06 GMT+0530 (India Standard Time)
[debug] [2019-11-19T17:18:06.608Z] ----------------------------------------------------------------------
[debug] [2019-11-19T17:18:06.608Z] 
[debug] [2019-11-19T17:18:06.628Z] > command requires scopes: ["email","openid","https://www.googleapis.com/auth/cloudplatformprojects.readonly","https://www.googleapis.com/auth/firebase","https://www.googleapis.com/auth/cloud-platform"]
[debug] [2019-11-19T17:18:06.629Z] > authorizing via signed-in user
[debug] [2019-11-19T17:18:06.630Z] [iam] checking project raptei for permissions ["cloudfunctions.functions.create","cloudfunctions.functions.delete","cloudfunctions.functions.get","cloudfunctions.functions.list","cloudfunctions.functions.update","cloudfunctions.operations.get","firebase.projects.get","firebasehosting.sites.update"]
[debug] [2019-11-19T17:18:06.633Z] >>> HTTP REQUEST POST https://cloudresourcemanager.googleapis.com/v1/projects/raptei:testIamPermissions  

[debug] [2019-11-19T17:18:09.198Z] <<< HTTP RESPONSE 200
[debug] [2019-11-19T17:18:09.208Z] >>> HTTP REQUEST GET https://firebase.googleapis.com/v1beta1/projects/raptei  
 
[debug] [2019-11-19T17:18:10.044Z] <<< HTTP RESPONSE 200
[info] 
[info] === Deploying to 'raptei'...
[info] 
[info] i  deploying functions, hosting
[debug] [2019-11-19T17:18:17.566Z] > [functions] package.json contents: {
  "name": "functions",
  "description": "Cloud Functions for Firebase",
  "scripts": {
    "lint": "eslint .",
    "serve": "firebase serve --only functions",
    "shell": "firebase functions:shell",
    "start": "npm run shell",
    "deploy": "firebase deploy --only functions",
    "logs": "firebase functions:log"
  },
  "engines": {
    "node": "8"
  },
  "dependencies": {
    "express": "^4.17.1",
    "firebase-admin": "^8.6.0",
    "firebase-functions": "^3.3.0",
    "@angular/animations": "~8.2.14",
    "@angular/common": "~8.2.14",
    "@angular/compiler": "~8.2.14",
    "@angular/core": "~8.2.14",
    "@angular/fire": "^5.2.3",
    "@angular/forms": "~8.2.14",
    "@angular/platform-browser": "~8.2.14",
    "@angular/platform-browser-dynamic": "~8.2.14",
    "@angular/platform-server": "^8.2.14",
    "@angular/router": "~8.2.14",
    "@ng-bootstrap/ng-bootstrap": "^5.1.4",
    "bootstrap": "^4.3.1",
    "firebase": "^7.4.0",
    "lodash": "^4.17.15",
    "marked": "^0.7.0",
    "rxjs": "~6.4.0",
    "tslib": "^1.10.0",
    "zone.js": "~0.9.1"
  },
  "devDependencies": {
    "eslint": "^5.12.0",
    "eslint-plugin-promise": "^4.0.1",
    "firebase-functions-test": "^0.1.6"
  },
  "private": true
}
[info] i  functions: ensuring necessary APIs are enabled...
[debug] [2019-11-19T17:18:17.568Z] >>> HTTP REQUEST GET https://serviceusage.googleapis.com/v1/projects/raptei/services/cloudfunctions.googleapis.com  
 
[debug] [2019-11-19T17:18:17.569Z] >>> HTTP REQUEST GET https://serviceusage.googleapis.com/v1/projects/raptei/services/runtimeconfig.googleapis.com  
 
[debug] [2019-11-19T17:18:21.032Z] <<< HTTP RESPONSE 200
[info] +  functions: all necessary APIs are enabled
[debug] [2019-11-19T17:18:22.950Z] <<< HTTP RESPONSE 200
[debug] [2019-11-19T17:18:22.953Z] >>> HTTP REQUEST GET https://firebase.googleapis.com/v1beta1/projects/raptei/adminSdkConfig  
 
[debug] [2019-11-19T17:18:23.677Z] <<< HTTP RESPONSE 200
[debug] [2019-11-19T17:18:23.681Z] >>> HTTP REQUEST POST https://firebasehosting.googleapis.com/v1beta1/sites/raptei/versions  

[debug] [2019-11-19T17:18:48.414Z] Error: Client network socket disconnected before secure TLS connection was established
    at TLSSocket.onConnectEnd (_tls_wrap.js:1088:19)
    at Object.onceWrapper (events.js:277:13)
    at TLSSocket.emit (events.js:194:15)
    at TLSSocket.EventEmitter.emit (domain.js:441:20)
    at endReadableNT (_stream_readable.js:1103:12)
    at process._tickCallback (internal/process/next_tick.js:63:19)
[error] 
[error] Error: Server Error. Client network socket disconnected before secure TLS connection was established
